<?xml version="1.0" encoding="UTF-8"?>
<testng-results ignored="0" total="1" passed="1" failed="0" skipped="0">
  <reporter-output>
  </reporter-output>
  <suite started-at="2022-12-24T19:19:27 EET" name="Default suite" finished-at="2022-12-24T19:20:33 EET" duration-ms="66216">
    <groups>
    </groups>
    <test started-at="2022-12-24T19:19:27 EET" name="Default test" finished-at="2022-12-24T19:20:33 EET" duration-ms="66216">
      <class name="TestCases.NewTest">
        <test-method is-config="true" signature="Setup()[pri:0, instance:TestCases.NewTest@28eaa59a]" started-at="2022-12-24T19:19:27 EET" name="Setup" finished-at="2022-12-24T19:19:59 EET" duration-ms="32559" status="PASS">
          <reporter-output>
          </reporter-output>
        </test-method> <!-- Setup -->
        <test-method signature="task2()[pri:1, instance:TestCases.NewTest@28eaa59a]" started-at="2022-12-24T19:19:59 EET" name="task2" finished-at="2022-12-24T19:20:33 EET" duration-ms="33369" status="PASS">
          <reporter-output>
          </reporter-output>
        </test-method> <!-- task2 -->
        <test-method is-config="true" signature="Close()[pri:0, instance:TestCases.NewTest@28eaa59a]" started-at="2022-12-24T19:20:33 EET" name="Close" finished-at="2022-12-24T19:20:33 EET" duration-ms="215" status="PASS">
          <reporter-output>
          </reporter-output>
        </test-method> <!-- Close -->
      </class> <!-- TestCases.NewTest -->
    </test> <!-- Default test -->
  </suite> <!-- Default suite -->
</testng-results>
